<?xml version="1.0" encoding="UTF-8"?>
<!-- Generated by org.testng.reporters.JUnitReportReporter -->
<testsuite skipped="0" hostname="rakesh-PC" name="com.mavenDemo.tests.DemoTest" tests="1" failures="0" timestamp="25 Apr 2019 03:12:49 GMT" time="0.062" errors="0">
  <testcase name="testA" time="0.062" classname="com.mavenDemo.tests.DemoTest"/>
</testsuite> <!-- com.mavenDemo.tests.DemoTest -->
